{"C:\\Users\\norma\\OneDrive\\Documents\\GitHub\\please-work\\index.js": {"path":"C:\\Users\\norma\\OneDrive\\Documents\\GitHub\\please-work\\index.js","statementMap":{"0":{"start":{"line":1,"column":0},"end":{"line":1,"column":26}},"1":{"start":{"line":2,"column":16},"end":{"line":2,"column":34}},"2":{"start":{"line":3,"column":12},"end":{"line":3,"column":21}},"3":{"start":{"line":4,"column":13},"end":{"line":4,"column":28}},"4":{"start":{"line":5,"column":30},"end":{"line":5,"column":49}},"5":{"start":{"line":6,"column":15},"end":{"line":6,"column":41}},"6":{"start":{"line":10,"column":18},"end":{"line":17,"column":1}},"7":{"start":{"line":11,"column":4},"end":{"line":16,"column":5}},"8":{"start":{"line":12,"column":8},"end":{"line":12,"column":48}},"9":{"start":{"line":13,"column":8},"end":{"line":13,"column":56}},"10":{"start":{"line":15,"column":8},"end":{"line":15,"column":56}},"11":{"start":{"line":20,"column":0},"end":{"line":20,"column":15}},"12":{"start":{"line":21,"column":0},"end":{"line":21,"column":23}},"13":{"start":{"line":24,"column":0},"end":{"line":24,"column":15}},"14":{"start":{"line":27,"column":0},"end":{"line":32,"column":1}},"15":{"start":{"line":28,"column":4},"end":{"line":28,"column":16}},"16":{"start":{"line":29,"column":4},"end":{"line":31,"column":7}},"17":{"start":{"line":30,"column":8},"end":{"line":30,"column":63}},"18":{"start":{"line":34,"column":0},"end":{"line":34,"column":36}}},"fnMap":{"0":{"name":"(anonymous_0)","decl":{"start":{"line":10,"column":18},"end":{"line":10,"column":19}},"loc":{"start":{"line":10,"column":30},"end":{"line":17,"column":1}},"line":10},"1":{"name":"(anonymous_1)","decl":{"start":{"line":29,"column":33},"end":{"line":29,"column":34}},"loc":{"start":{"line":29,"column":39},"end":{"line":31,"column":5}},"line":29}},"branchMap":{"0":{"loc":{"start":{"line":27,"column":0},"end":{"line":32,"column":1}},"type":"if","locations":[{"start":{"line":27,"column":0},"end":{"line":32,"column":1}},{"start":{},"end":{}}],"line":27}},"s":{"0":3,"1":3,"2":3,"3":3,"4":3,"5":3,"6":3,"7":0,"8":0,"9":0,"10":0,"11":3,"12":3,"13":3,"14":3,"15":0,"16":0,"17":0,"18":3},"f":{"0":0,"1":0},"b":{"0":[0,3]},"_coverageSchema":"1a1c01bbd47fc00a2c39e90264f33305004495a9","hash":"a6bed9c119fc1b62c96e15b35d8e1e441befa022"}
,"C:\\Users\\norma\\OneDrive\\Documents\\GitHub\\please-work\\controller\\Sign.js": {"path":"C:\\Users\\norma\\OneDrive\\Documents\\GitHub\\please-work\\controller\\Sign.js","statementMap":{"0":{"start":{"line":1,"column":12},"end":{"line":1,"column":35}},"1":{"start":{"line":2,"column":13},"end":{"line":2,"column":37}},"2":{"start":{"line":4,"column":0},"end":{"line":23,"column":1}},"3":{"start":{"line":5,"column":38},"end":{"line":5,"column":46}},"4":{"start":{"line":6,"column":4},"end":{"line":22,"column":5}},"5":{"start":{"line":7,"column":19},"end":{"line":7,"column":37}},"6":{"start":{"line":8,"column":8},"end":{"line":8,"column":33}},"7":{"start":{"line":10,"column":22},"end":{"line":13,"column":55}},"8":{"start":{"line":15,"column":8},"end":{"line":19,"column":11}},"9":{"start":{"line":21,"column":8},"end":{"line":21,"column":55}},"10":{"start":{"line":26,"column":0},"end":{"line":40,"column":2}},"11":{"start":{"line":27,"column":4},"end":{"line":39,"column":5}},"12":{"start":{"line":29,"column":8},"end":{"line":32,"column":11}},"13":{"start":{"line":34,"column":8},"end":{"line":34,"column":47}},"14":{"start":{"line":35,"column":8},"end":{"line":38,"column":11}},"15":{"start":{"line":42,"column":0},"end":{"line":64,"column":1}},"16":{"start":{"line":43,"column":32},"end":{"line":43,"column":40}},"17":{"start":{"line":44,"column":4},"end":{"line":63,"column":5}},"18":{"start":{"line":45,"column":21},"end":{"line":45,"column":50}},"19":{"start":{"line":46,"column":8},"end":{"line":46,"column":77}},"20":{"start":{"line":46,"column":19},"end":{"line":46,"column":77}},"21":{"start":{"line":48,"column":24},"end":{"line":48,"column":60}},"22":{"start":{"line":49,"column":8},"end":{"line":49,"column":81}},"23":{"start":{"line":49,"column":22},"end":{"line":49,"column":81}},"24":{"start":{"line":51,"column":22},"end":{"line":54,"column":55}},"25":{"start":{"line":56,"column":8},"end":{"line":60,"column":11}},"26":{"start":{"line":62,"column":8},"end":{"line":62,"column":55}}},"fnMap":{"0":{"name":"(anonymous_0)","decl":{"start":{"line":4,"column":16},"end":{"line":4,"column":17}},"loc":{"start":{"line":4,"column":36},"end":{"line":23,"column":1}},"line":4},"1":{"name":"(anonymous_1)","decl":{"start":{"line":26,"column":18},"end":{"line":26,"column":19}},"loc":{"start":{"line":26,"column":38},"end":{"line":40,"column":1}},"line":26},"2":{"name":"(anonymous_2)","decl":{"start":{"line":42,"column":16},"end":{"line":42,"column":17}},"loc":{"start":{"line":42,"column":36},"end":{"line":64,"column":1}},"line":42}},"branchMap":{"0":{"loc":{"start":{"line":46,"column":8},"end":{"line":46,"column":77}},"type":"if","locations":[{"start":{"line":46,"column":8},"end":{"line":46,"column":77}},{"start":{},"end":{}}],"line":46},"1":{"loc":{"start":{"line":49,"column":8},"end":{"line":49,"column":81}},"type":"if","locations":[{"start":{"line":49,"column":8},"end":{"line":49,"column":81}},{"start":{},"end":{}}],"line":49}},"s":{"0":3,"1":3,"2":3,"3":20,"4":20,"5":20,"6":20,"7":18,"8":18,"9":2,"10":3,"11":1,"12":1,"13":0,"14":0,"15":3,"16":3,"17":3,"18":3,"19":3,"20":1,"21":2,"22":2,"23":1,"24":1,"25":1,"26":0},"f":{"0":20,"1":1,"2":3},"b":{"0":[1,2],"1":[1,1]},"_coverageSchema":"1a1c01bbd47fc00a2c39e90264f33305004495a9","hash":"0ee4f08ea0a202dc6b4cf5c407b4f6d73467434e"}
,"C:\\Users\\norma\\OneDrive\\Documents\\GitHub\\please-work\\controller\\crud.js": {"path":"C:\\Users\\norma\\OneDrive\\Documents\\GitHub\\please-work\\controller\\crud.js","statementMap":{"0":{"start":{"line":1,"column":19},"end":{"line":1,"column":37}},"1":{"start":{"line":2,"column":15},"end":{"line":2,"column":23}},"2":{"start":{"line":3,"column":19},"end":{"line":3,"column":46}},"3":{"start":{"line":4,"column":22},"end":{"line":4,"column":63}},"4":{"start":{"line":7,"column":0},"end":{"line":14,"column":1}},"5":{"start":{"line":8,"column":4},"end":{"line":13,"column":5}},"6":{"start":{"line":9,"column":21},"end":{"line":9,"column":44}},"7":{"start":{"line":10,"column":8},"end":{"line":10,"column":93}},"8":{"start":{"line":12,"column":8},"end":{"line":12,"column":43}},"9":{"start":{"line":17,"column":0},"end":{"line":25,"column":1}},"10":{"start":{"line":18,"column":4},"end":{"line":24,"column":5}},"11":{"start":{"line":19,"column":19},"end":{"line":19,"column":43}},"12":{"start":{"line":20,"column":8},"end":{"line":20,"column":33}},"13":{"start":{"line":21,"column":8},"end":{"line":21,"column":90}},"14":{"start":{"line":23,"column":8},"end":{"line":23,"column":43}},"15":{"start":{"line":28,"column":0},"end":{"line":35,"column":1}},"16":{"start":{"line":29,"column":4},"end":{"line":34,"column":5}},"17":{"start":{"line":30,"column":21},"end":{"line":30,"column":61}},"18":{"start":{"line":31,"column":8},"end":{"line":31,"column":89}},"19":{"start":{"line":33,"column":8},"end":{"line":33,"column":43}},"20":{"start":{"line":38,"column":0},"end":{"line":45,"column":1}},"21":{"start":{"line":39,"column":4},"end":{"line":44,"column":5}},"22":{"start":{"line":40,"column":21},"end":{"line":40,"column":95}},"23":{"start":{"line":41,"column":8},"end":{"line":41,"column":89}},"24":{"start":{"line":43,"column":8},"end":{"line":43,"column":43}},"25":{"start":{"line":48,"column":0},"end":{"line":55,"column":1}},"26":{"start":{"line":49,"column":4},"end":{"line":54,"column":5}},"27":{"start":{"line":50,"column":21},"end":{"line":50,"column":70}},"28":{"start":{"line":51,"column":8},"end":{"line":51,"column":89}},"29":{"start":{"line":53,"column":8},"end":{"line":53,"column":43}}},"fnMap":{"0":{"name":"(anonymous_0)","decl":{"start":{"line":7,"column":17},"end":{"line":7,"column":18}},"loc":{"start":{"line":7,"column":36},"end":{"line":14,"column":1}},"line":7},"1":{"name":"(anonymous_1)","decl":{"start":{"line":17,"column":16},"end":{"line":17,"column":17}},"loc":{"start":{"line":17,"column":36},"end":{"line":25,"column":1}},"line":17},"2":{"name":"(anonymous_2)","decl":{"start":{"line":28,"column":17},"end":{"line":28,"column":18}},"loc":{"start":{"line":28,"column":37},"end":{"line":35,"column":1}},"line":28},"3":{"name":"(anonymous_3)","decl":{"start":{"line":38,"column":16},"end":{"line":38,"column":17}},"loc":{"start":{"line":38,"column":36},"end":{"line":45,"column":1}},"line":38},"4":{"name":"(anonymous_4)","decl":{"start":{"line":48,"column":20},"end":{"line":48,"column":21}},"loc":{"start":{"line":48,"column":40},"end":{"line":55,"column":1}},"line":48}},"branchMap":{"0":{"loc":{"start":{"line":10,"column":8},"end":{"line":10,"column":93}},"type":"cond-expr","locations":[{"start":{"line":10,"column":23},"end":{"line":10,"column":49}},{"start":{"line":10,"column":51},"end":{"line":10,"column":93}}],"line":10},"1":{"loc":{"start":{"line":21,"column":8},"end":{"line":21,"column":89}},"type":"cond-expr","locations":[{"start":{"line":21,"column":18},"end":{"line":21,"column":60}},{"start":{"line":21,"column":63},"end":{"line":21,"column":89}}],"line":21},"2":{"loc":{"start":{"line":31,"column":8},"end":{"line":31,"column":89}},"type":"cond-expr","locations":[{"start":{"line":31,"column":18},"end":{"line":31,"column":60}},{"start":{"line":31,"column":63},"end":{"line":31,"column":89}}],"line":31},"3":{"loc":{"start":{"line":41,"column":8},"end":{"line":41,"column":89}},"type":"cond-expr","locations":[{"start":{"line":41,"column":18},"end":{"line":41,"column":60}},{"start":{"line":41,"column":63},"end":{"line":41,"column":89}}],"line":41},"4":{"loc":{"start":{"line":51,"column":8},"end":{"line":51,"column":89}},"type":"cond-expr","locations":[{"start":{"line":51,"column":18},"end":{"line":51,"column":60}},{"start":{"line":51,"column":63},"end":{"line":51,"column":89}}],"line":51}},"s":{"0":3,"1":3,"2":3,"3":3,"4":3,"5":6,"6":6,"7":6,"8":0,"9":3,"10":9,"11":9,"12":9,"13":8,"14":1,"15":3,"16":4,"17":4,"18":3,"19":1,"20":3,"21":2,"22":2,"23":2,"24":0,"25":3,"26":2,"27":2,"28":2,"29":0},"f":{"0":6,"1":9,"2":4,"3":2,"4":2},"b":{"0":[1,5],"1":[0,8],"2":[2,1],"3":[1,1],"4":[1,1]},"_coverageSchema":"1a1c01bbd47fc00a2c39e90264f33305004495a9","hash":"16662f0cae6fa0c96c686593c5c989889de898ea"}
,"C:\\Users\\norma\\OneDrive\\Documents\\GitHub\\please-work\\middleware\\Authorization.js": {"path":"C:\\Users\\norma\\OneDrive\\Documents\\GitHub\\please-work\\middleware\\Authorization.js","statementMap":{"0":{"start":{"line":1,"column":12},"end":{"line":1,"column":35}},"1":{"start":{"line":4,"column":0},"end":{"line":40,"column":1}},"2":{"start":{"line":5,"column":26},"end":{"line":5,"column":51}},"3":{"start":{"line":6,"column":4},"end":{"line":10,"column":5}},"4":{"start":{"line":7,"column":8},"end":{"line":9,"column":10}},"5":{"start":{"line":11,"column":4},"end":{"line":39,"column":5}},"6":{"start":{"line":12,"column":22},"end":{"line":12,"column":55}},"7":{"start":{"line":13,"column":8},"end":{"line":17,"column":9}},"8":{"start":{"line":14,"column":12},"end":{"line":16,"column":14}},"9":{"start":{"line":18,"column":23},"end":{"line":18,"column":64}},"10":{"start":{"line":19,"column":8},"end":{"line":19,"column":25}},"11":{"start":{"line":20,"column":8},"end":{"line":20,"column":14}},"12":{"start":{"line":22,"column":8},"end":{"line":27,"column":9}},"13":{"start":{"line":23,"column":12},"end":{"line":26,"column":14}},"14":{"start":{"line":28,"column":8},"end":{"line":33,"column":9}},"15":{"start":{"line":29,"column":12},"end":{"line":32,"column":14}},"16":{"start":{"line":34,"column":8},"end":{"line":38,"column":11}}},"fnMap":{"0":{"name":"(anonymous_0)","decl":{"start":{"line":4,"column":23},"end":{"line":4,"column":24}},"loc":{"start":{"line":4,"column":48},"end":{"line":40,"column":1}},"line":4}},"branchMap":{"0":{"loc":{"start":{"line":6,"column":4},"end":{"line":10,"column":5}},"type":"if","locations":[{"start":{"line":6,"column":4},"end":{"line":10,"column":5}},{"start":{},"end":{}}],"line":6},"1":{"loc":{"start":{"line":13,"column":8},"end":{"line":17,"column":9}},"type":"if","locations":[{"start":{"line":13,"column":8},"end":{"line":17,"column":9}},{"start":{},"end":{}}],"line":13},"2":{"loc":{"start":{"line":22,"column":8},"end":{"line":27,"column":9}},"type":"if","locations":[{"start":{"line":22,"column":8},"end":{"line":27,"column":9}},{"start":{},"end":{}}],"line":22},"3":{"loc":{"start":{"line":28,"column":8},"end":{"line":33,"column":9}},"type":"if","locations":[{"start":{"line":28,"column":8},"end":{"line":33,"column":9}},{"start":{},"end":{}}],"line":28}},"s":{"0":3,"1":3,"2":21,"3":21,"4":6,"5":15,"6":15,"7":15,"8":1,"9":14,"10":13,"11":13,"12":1,"13":0,"14":1,"15":1,"16":0},"f":{"0":21},"b":{"0":[6,15],"1":[1,14],"2":[0,1],"3":[1,0]},"_coverageSchema":"1a1c01bbd47fc00a2c39e90264f33305004495a9","hash":"966936db3bc80b6b1e545e188ea873b79b4bb511"}
,"C:\\Users\\norma\\OneDrive\\Documents\\GitHub\\please-work\\model\\book.js": {"path":"C:\\Users\\norma\\OneDrive\\Documents\\GitHub\\please-work\\model\\book.js","statementMap":{"0":{"start":{"line":1,"column":17},"end":{"line":1,"column":36}},"1":{"start":{"line":4,"column":19},"end":{"line":63,"column":2}},"2":{"start":{"line":34,"column":18},"end":{"line":34,"column":25}},"3":{"start":{"line":35,"column":18},"end":{"line":35,"column":37}},"4":{"start":{"line":65,"column":0},"end":{"line":67,"column":3}},"5":{"start":{"line":66,"column":4},"end":{"line":66,"column":39}},"6":{"start":{"line":69,"column":0},"end":{"line":72,"column":3}},"7":{"start":{"line":70,"column":4},"end":{"line":70,"column":32}},"8":{"start":{"line":71,"column":4},"end":{"line":71,"column":11}},"9":{"start":{"line":74,"column":13},"end":{"line":74,"column":47}},"10":{"start":{"line":76,"column":0},"end":{"line":76,"column":22}}},"fnMap":{"0":{"name":"(anonymous_0)","decl":{"start":{"line":34,"column":13},"end":{"line":34,"column":14}},"loc":{"start":{"line":34,"column":18},"end":{"line":34,"column":25}},"line":34},"1":{"name":"(anonymous_1)","decl":{"start":{"line":35,"column":13},"end":{"line":35,"column":14}},"loc":{"start":{"line":35,"column":18},"end":{"line":35,"column":37}},"line":35},"2":{"name":"(anonymous_2)","decl":{"start":{"line":65,"column":41},"end":{"line":65,"column":42}},"loc":{"start":{"line":65,"column":53},"end":{"line":67,"column":1}},"line":65},"3":{"name":"(anonymous_3)","decl":{"start":{"line":69,"column":23},"end":{"line":69,"column":24}},"loc":{"start":{"line":69,"column":39},"end":{"line":72,"column":1}},"line":69}},"branchMap":{},"s":{"0":3,"1":3,"2":24,"3":9,"4":3,"5":12,"6":3,"7":8,"8":8,"9":3,"10":3},"f":{"0":24,"1":9,"2":12,"3":8},"b":{},"_coverageSchema":"1a1c01bbd47fc00a2c39e90264f33305004495a9","hash":"517cba4a6d8f13f54801e3509c362358ae8eddbb"}
,"C:\\Users\\norma\\OneDrive\\Documents\\GitHub\\please-work\\model\\user.js": {"path":"C:\\Users\\norma\\OneDrive\\Documents\\GitHub\\please-work\\model\\user.js","statementMap":{"0":{"start":{"line":1,"column":17},"end":{"line":1,"column":36}},"1":{"start":{"line":2,"column":15},"end":{"line":2,"column":32}},"2":{"start":{"line":4,"column":19},"end":{"line":19,"column":1}},"3":{"start":{"line":22,"column":0},"end":{"line":31,"column":3}},"4":{"start":{"line":23,"column":4},"end":{"line":23,"column":52}},"5":{"start":{"line":23,"column":38},"end":{"line":23,"column":52}},"6":{"start":{"line":24,"column":4},"end":{"line":30,"column":5}},"7":{"start":{"line":25,"column":21},"end":{"line":25,"column":45}},"8":{"start":{"line":26,"column":8},"end":{"line":26,"column":63}},"9":{"start":{"line":27,"column":8},"end":{"line":27,"column":15}},"10":{"start":{"line":29,"column":8},"end":{"line":29,"column":20}},"11":{"start":{"line":34,"column":0},"end":{"line":36,"column":2}},"12":{"start":{"line":35,"column":4},"end":{"line":35,"column":51}},"13":{"start":{"line":40,"column":0},"end":{"line":44,"column":2}},"14":{"start":{"line":41,"column":17},"end":{"line":41,"column":32}},"15":{"start":{"line":42,"column":4},"end":{"line":42,"column":25}},"16":{"start":{"line":43,"column":4},"end":{"line":43,"column":16}},"17":{"start":{"line":46,"column":13},"end":{"line":46,"column":47}},"18":{"start":{"line":48,"column":0},"end":{"line":48,"column":21}}},"fnMap":{"0":{"name":"(anonymous_0)","decl":{"start":{"line":22,"column":23},"end":{"line":22,"column":24}},"loc":{"start":{"line":22,"column":45},"end":{"line":31,"column":1}},"line":22},"1":{"name":"(anonymous_1)","decl":{"start":{"line":34,"column":37},"end":{"line":34,"column":38}},"loc":{"start":{"line":34,"column":63},"end":{"line":36,"column":1}},"line":34},"2":{"name":"(anonymous_2)","decl":{"start":{"line":40,"column":28},"end":{"line":40,"column":29}},"loc":{"start":{"line":40,"column":40},"end":{"line":44,"column":1}},"line":40}},"branchMap":{"0":{"loc":{"start":{"line":23,"column":4},"end":{"line":23,"column":52}},"type":"if","locations":[{"start":{"line":23,"column":4},"end":{"line":23,"column":52}},{"start":{},"end":{}}],"line":23}},"s":{"0":3,"1":3,"2":3,"3":3,"4":19,"5":0,"6":19,"7":19,"8":19,"9":19,"10":0,"11":3,"12":2,"13":3,"14":0,"15":0,"16":0,"17":3,"18":3},"f":{"0":19,"1":2,"2":0},"b":{"0":[0,19]},"_coverageSchema":"1a1c01bbd47fc00a2c39e90264f33305004495a9","hash":"d9cc6a9fd67f352219b3bc2873e7cbbe3abb81a0"}
,"C:\\Users\\norma\\OneDrive\\Documents\\GitHub\\please-work\\routes\\router.js": {"path":"C:\\Users\\norma\\OneDrive\\Documents\\GitHub\\please-work\\routes\\router.js","statementMap":{"0":{"start":{"line":1,"column":16},"end":{"line":1,"column":34}},"1":{"start":{"line":2,"column":54},"end":{"line":2,"column":83}},"2":{"start":{"line":3,"column":35},"end":{"line":3,"column":64}},"3":{"start":{"line":4,"column":26},"end":{"line":4,"column":64}},"4":{"start":{"line":6,"column":15},"end":{"line":6,"column":31}},"5":{"start":{"line":8,"column":0},"end":{"line":8,"column":33}},"6":{"start":{"line":9,"column":0},"end":{"line":9,"column":33}},"7":{"start":{"line":10,"column":0},"end":{"line":10,"column":34}},"8":{"start":{"line":11,"column":0},"end":{"line":11,"column":25}},"9":{"start":{"line":12,"column":0},"end":{"line":12,"column":40}},"10":{"start":{"line":13,"column":0},"end":{"line":13,"column":30}},"11":{"start":{"line":14,"column":0},"end":{"line":14,"column":44}},"12":{"start":{"line":15,"column":0},"end":{"line":15,"column":52}},"13":{"start":{"line":17,"column":0},"end":{"line":17,"column":24}}},"fnMap":{},"branchMap":{},"s":{"0":3,"1":3,"2":3,"3":3,"4":3,"5":3,"6":3,"7":3,"8":3,"9":3,"10":3,"11":3,"12":3,"13":3},"f":{},"b":{},"_coverageSchema":"1a1c01bbd47fc00a2c39e90264f33305004495a9","hash":"4fbcb1ce9e3e5f3b349e455b606e961ce417121b"}
}
