TN:
SF:index.js
FN:10,(anonymous_0)
FN:29,(anonymous_1)
FNF:2
FNH:0
FNDA:0,(anonymous_0)
FNDA:0,(anonymous_1)
DA:1,3
DA:2,3
DA:3,3
DA:4,3
DA:5,3
DA:6,3
DA:10,3
DA:11,0
DA:12,0
DA:13,0
DA:15,0
DA:20,3
DA:21,3
DA:24,3
DA:27,3
DA:28,0
DA:29,0
DA:30,0
DA:34,3
LF:19
LH:12
BRDA:27,0,0,0
BRDA:27,0,1,3
BRF:2
BRH:1
end_of_record
TN:
SF:controller\Sign.js
FN:4,(anonymous_0)
FN:26,(anonymous_1)
FN:42,(anonymous_2)
FNF:3
FNH:3
FNDA:20,(anonymous_0)
FNDA:1,(anonymous_1)
FNDA:3,(anonymous_2)
DA:1,3
DA:2,3
DA:4,3
DA:5,20
DA:6,20
DA:7,20
DA:8,20
DA:10,18
DA:15,18
DA:21,2
DA:26,3
DA:27,1
DA:29,1
DA:34,0
DA:35,0
DA:42,3
DA:43,3
DA:44,3
DA:45,3
DA:46,3
DA:48,2
DA:49,2
DA:51,1
DA:56,1
DA:62,0
LF:25
LH:22
BRDA:46,0,0,1
BRDA:46,0,1,2
BRDA:49,1,0,1
BRDA:49,1,1,1
BRF:4
BRH:4
end_of_record
TN:
SF:controller\crud.js
FN:7,(anonymous_0)
FN:17,(anonymous_1)
FN:28,(anonymous_2)
FN:38,(anonymous_3)
FN:48,(anonymous_4)
FNF:5
FNH:5
FNDA:6,(anonymous_0)
FNDA:9,(anonymous_1)
FNDA:4,(anonymous_2)
FNDA:2,(anonymous_3)
FNDA:2,(anonymous_4)
DA:1,3
DA:2,3
DA:3,3
DA:4,3
DA:7,3
DA:8,6
DA:9,6
DA:10,6
DA:12,0
DA:17,3
DA:18,9
DA:19,9
DA:20,9
DA:21,8
DA:23,1
DA:28,3
DA:29,4
DA:30,4
DA:31,3
DA:33,1
DA:38,3
DA:39,2
DA:40,2
DA:41,2
DA:43,0
DA:48,3
DA:49,2
DA:50,2
DA:51,2
DA:53,0
LF:30
LH:27
BRDA:10,0,0,1
BRDA:10,0,1,5
BRDA:21,1,0,0
BRDA:21,1,1,8
BRDA:31,2,0,2
BRDA:31,2,1,1
BRDA:41,3,0,1
BRDA:41,3,1,1
BRDA:51,4,0,1
BRDA:51,4,1,1
BRF:10
BRH:9
end_of_record
TN:
SF:middleware\Authorization.js
FN:4,(anonymous_0)
FNF:1
FNH:1
FNDA:21,(anonymous_0)
DA:1,3
DA:4,3
DA:5,21
DA:6,21
DA:7,6
DA:11,15
DA:12,15
DA:13,15
DA:14,1
DA:18,14
DA:19,13
DA:20,13
DA:22,1
DA:23,0
DA:28,1
DA:29,1
DA:34,0
LF:17
LH:15
BRDA:6,0,0,6
BRDA:6,0,1,15
BRDA:13,1,0,1
BRDA:13,1,1,14
BRDA:22,2,0,0
BRDA:22,2,1,1
BRDA:28,3,0,1
BRDA:28,3,1,0
BRF:8
BRH:6
end_of_record
TN:
SF:model\book.js
FN:34,(anonymous_0)
FN:35,(anonymous_1)
FN:65,(anonymous_2)
FN:69,(anonymous_3)
FNF:4
FNH:4
FNDA:24,(anonymous_0)
FNDA:9,(anonymous_1)
FNDA:12,(anonymous_2)
FNDA:8,(anonymous_3)
DA:1,3
DA:4,3
DA:34,24
DA:35,9
DA:65,3
DA:66,12
DA:69,3
DA:70,8
DA:71,8
DA:74,3
DA:76,3
LF:11
LH:11
BRF:0
BRH:0
end_of_record
TN:
SF:model\user.js
FN:22,(anonymous_0)
FN:34,(anonymous_1)
FN:40,(anonymous_2)
FNF:3
FNH:2
FNDA:19,(anonymous_0)
FNDA:2,(anonymous_1)
FNDA:0,(anonymous_2)
DA:1,3
DA:2,3
DA:4,3
DA:22,3
DA:23,19
DA:24,19
DA:25,19
DA:26,19
DA:27,19
DA:29,0
DA:34,3
DA:35,2
DA:40,3
DA:41,0
DA:42,0
DA:43,0
DA:46,3
DA:48,3
LF:18
LH:14
BRDA:23,0,0,0
BRDA:23,0,1,19
BRF:2
BRH:1
end_of_record
TN:
SF:routes\router.js
FNF:0
FNH:0
DA:1,3
DA:2,3
DA:3,3
DA:4,3
DA:6,3
DA:8,3
DA:9,3
DA:10,3
DA:11,3
DA:12,3
DA:13,3
DA:14,3
DA:15,3
DA:17,3
LF:14
LH:14
BRF:0
BRH:0
end_of_record
